<?xml version="1.0" encoding="UTF-8"?>
<testng-results skipped="0" failed="0" total="1" passed="1">
  <reporter-output>
  </reporter-output>
  <suite name="Default suite" duration-ms="47921" started-at="2020-08-02T21:11:12Z" finished-at="2020-08-02T21:12:00Z">
    <groups>
    </groups>
    <test name="Default test" duration-ms="47921" started-at="2020-08-02T21:11:12Z" finished-at="2020-08-02T21:12:00Z">
      <class name="FramesConcepts.MultipleFrames">
        <test-method status="PASS" signature="Frames()[pri:0, instance:FramesConcepts.MultipleFrames@71e7a66b]" name="Frames" duration-ms="47881" started-at="2020-08-03T02:41:12Z" finished-at="2020-08-03T02:42:00Z">
          <reporter-output>
          </reporter-output>
        </test-method> <!-- Frames -->
      </class> <!-- FramesConcepts.MultipleFrames -->
    </test> <!-- Default test -->
  </suite> <!-- Default suite -->
</testng-results>
